<?xml version='1.0'?>
<ns2:test-suite xmlns:ns2='urn:model.allure.qatools.yandex.ru' start='1664193080607' stop='1664193085227'>
    <name>wdio commands</name>
    <title>wdio commands</title>
    <test-cases>
        <test-case start='1664193080608' status='broken' stop='1664193085227'>
            <name>commands in wdio</name>
            <title>commands in wdio</title>
            <labels>
                <label name='language' value='javascript'/>
                <label name='framework' value='wdio'/>
                <label name='thread' value='0-0'/>
            </labels>
            <parameters>
                <parameter kind='argument' name='browser' value='chrome-105.0.5195.125'/>
            </parameters>
            <steps>
                <step start='1664193080608' status='passed' stop='1664193082035'>
                    <name>POST /session/:sessionId/url</name>
                    <title>POST /session/:sessionId/url</title>
                    <attachments>
                        <attachment title='Request' source='00101677-63e9-443b-a900-bc2d0e111f45-attachment.json' type='application/json' size='71'/>
                    </attachments>
                    <steps/>
                </step>
                <step start='1664193085038' status='passed' stop='1664193085226'>
                    <name>GET /session/:sessionId/screenshot</name>
                    <title>GET /session/:sessionId/screenshot</title>
                    <attachments>
                        <attachment title='Screenshot' source='6b821dd0-9d76-4e8b-8ac1-59df4fbf73f0-attachment.png' type='image/png' size='97186'/>
                    </attachments>
                    <steps/>
                </step>
            </steps>
            <attachments/>
            <failure>
                <message>browser.toHaveUrl is not a function</message>
                <stack-trace>TypeError: browser.toHaveUrl is not a function
                    at Context.&lt;anonymous> (/Users/akshay/Desktop/webdio/test/11-allCommand/commands.spec.js:11:19)</stack-trace>
            </failure>
        </test-case>
        <test-case start='1664193085227' status='pending' stop='1664193085227'>
            <name>triger enter button</name>
            <title>triger enter button</title>
            <labels/>
            <parameters/>
            <steps/>
            <attachments/>
            <failure>
                <message>Test ignored</message>
                <stack-trace>undefined</stack-trace>
            </failure>
        </test-case>
    </test-cases>
</ns2:test-suite>