<?xml version='1.0'?>
<ns2:test-suite xmlns:ns2='urn:model.allure.qatools.yandex.ru' start='1664188704987' stop='1664188708546'>
    <name>wdio commands</name>
    <title>wdio commands</title>
    <test-cases>
        <test-case start='1664188704987' status='pending' stop='1664188704987'>
            <name>commands in wdio</name>
            <title>commands in wdio</title>
            <labels/>
            <parameters/>
            <steps/>
            <attachments/>
            <failure>
                <message>Test ignored</message>
                <stack-trace>undefined</stack-trace>
            </failure>
        </test-case>
        <test-case start='1664188704987' status='broken' stop='1664188708546'>
            <name>triger enter button</name>
            <title>triger enter button</title>
            <labels>
                <label name='language' value='javascript'/>
                <label name='framework' value='wdio'/>
                <label name='thread' value='0-0'/>
            </labels>
            <parameters>
                <parameter kind='argument' name='browser' value='chrome-105.0.5195.125'/>
            </parameters>
            <steps>
                <step start='1664188704988' status='passed' stop='1664188708144'>
                    <name>POST /session/:sessionId/url</name>
                    <title>POST /session/:sessionId/url</title>
                    <attachments>
                        <attachment title='Request' source='58028bbc-a4f5-4710-93e4-fad476de4f76-attachment.json' type='application/json' size='38'/>
                    </attachments>
                    <steps/>
                </step>
                <step start='1664188708145' status='passed' stop='1664188708545'>
                    <name>GET /session/:sessionId/screenshot</name>
                    <title>GET /session/:sessionId/screenshot</title>
                    <attachments>
                        <attachment title='Screenshot' source='a613b997-68cd-4d9e-82c1-16a67292287e-attachment.png' type='image/png' size='1438260'/>
                    </attachments>
                    <steps/>
                </step>
            </steps>
            <attachments/>
            <failure>
                <message>Cannot read properties of undefined (reading 'isDevTools')</message>
                <stack-trace>TypeError: Cannot read properties of undefined (reading 'isDevTools')
                    at Context.&lt;anonymous> (/Users/akshay/Desktop/webdio/test/11-allCommand/commands.spec.js:19:18)
                    at processTicksAndRejections (node:internal/process/task_queues:96:5)</stack-trace>
            </failure>
        </test-case>
    </test-cases>
</ns2:test-suite>