<?xml version='1.0'?>
<ns2:test-suite xmlns:ns2='urn:model.allure.qatools.yandex.ru' start='1664188670344' stop='1664188671450'>
    <name>wdio commands</name>
    <title>wdio commands</title>
    <test-cases>
        <test-case start='1664188670345' status='pending' stop='1664188670345'>
            <name>commands in wdio</name>
            <title>commands in wdio</title>
            <labels/>
            <parameters/>
            <steps/>
            <attachments/>
            <failure>
                <message>Test ignored</message>
                <stack-trace>undefined</stack-trace>
            </failure>
        </test-case>
        <test-case start='1664188670345' status='broken' stop='1664188671450'>
            <name>triger enter button</name>
            <title>triger enter button</title>
            <labels>
                <label name='language' value='javascript'/>
                <label name='framework' value='wdio'/>
                <label name='thread' value='0-0'/>
            </labels>
            <parameters>
                <parameter kind='argument' name='browser' value='chrome-105.0.5195.125'/>
            </parameters>
            <steps>
                <step start='1664188670345' status='passed' stop='1664188671315'>
                    <name>POST /session/:sessionId/url</name>
                    <title>POST /session/:sessionId/url</title>
                    <attachments>
                        <attachment title='Request' source='f4106d64-794f-406e-a69d-f06768ecb57c-attachment.json' type='application/json' size='58'/>
                    </attachments>
                    <steps/>
                </step>
                <step start='1664188671316' status='passed' stop='1664188671449'>
                    <name>GET /session/:sessionId/screenshot</name>
                    <title>GET /session/:sessionId/screenshot</title>
                    <attachments>
                        <attachment title='Screenshot' source='dba4d5f0-930e-4598-8b0c-4f357222e718-attachment.png' type='image/png' size='266808'/>
                    </attachments>
                    <steps/>
                </step>
            </steps>
            <attachments/>
            <failure>
                <message>Cannot read properties of undefined (reading 'isDevTools')</message>
                <stack-trace>TypeError: Cannot read properties of undefined (reading 'isDevTools')
                    at Context.&lt;anonymous> (/Users/akshay/Desktop/webdio/test/11-allCommand/commands.spec.js:20:18)
                    at processTicksAndRejections (node:internal/process/task_queues:96:5)</stack-trace>
            </failure>
        </test-case>
    </test-cases>
</ns2:test-suite>