<?xml version='1.0'?>
<ns2:test-suite xmlns:ns2='urn:model.allure.qatools.yandex.ru' start='1664516701247' stop='1664516703310'>
    <name>wdio commands</name>
    <title>wdio commands</title>
    <test-cases>
        <test-case start='1664516701247' status='broken' stop='1664516703309'>
            <name>commands in wdio</name>
            <title>commands in wdio</title>
            <labels>
                <label name='language' value='javascript'/>
                <label name='framework' value='wdio'/>
                <label name='thread' value='0-0'/>
            </labels>
            <parameters>
                <parameter kind='argument' name='browser' value='chrome-106.0.5249.61'/>
            </parameters>
            <steps>
                <step start='1664516701250' status='passed' stop='1664516703168'>
                    <name>POST /session/:sessionId/url</name>
                    <title>POST /session/:sessionId/url</title>
                    <attachments>
                        <attachment title='Request' source='16e98d06-70aa-48da-bff8-8725210899b1-attachment.json' type='application/json' size='71'/>
                    </attachments>
                    <steps/>
                </step>
                <step start='1664516703168' status='passed' stop='1664516703309'>
                    <name>GET /session/:sessionId/screenshot</name>
                    <title>GET /session/:sessionId/screenshot</title>
                    <attachments>
                        <attachment title='Screenshot' source='bda46c61-9844-4d6b-a789-fc0f302c9ebf-attachment.png' type='image/png' size='97186'/>
                    </attachments>
                    <steps/>
                </step>
            </steps>
            <attachments/>
            <failure>
                <message>browser.toHaveUrlContaining is not a function</message>
                <stack-trace>TypeError: browser.toHaveUrlContaining is not a function
                    at Context.&lt;anonymous> (/Users/akshay/Desktop/webdio/test/11-allCommand/commands.spec.js:12:19)
                    at processTicksAndRejections (node:internal/process/task_queues:96:5)</stack-trace>
            </failure>
        </test-case>
        <test-case start='1664516703310' status='pending' stop='1664516703310'>
            <name>triger enter button</name>
            <title>triger enter button</title>
            <labels/>
            <parameters/>
            <steps/>
            <attachments/>
            <failure>
                <message>Test ignored</message>
                <stack-trace>undefined</stack-trace>
            </failure>
        </test-case>
    </test-cases>
</ns2:test-suite>