<?xml version='1.0'?>
<ns2:test-suite xmlns:ns2='urn:model.allure.qatools.yandex.ru' start='1664188599367' stop='1664188600488'>
    <name>wdio commands</name>
    <title>wdio commands</title>
    <test-cases>
        <test-case start='1664188599367' status='pending' stop='1664188599367'>
            <name>commands in wdio</name>
            <title>commands in wdio</title>
            <labels/>
            <parameters/>
            <steps/>
            <attachments/>
            <failure>
                <message>Test ignored</message>
                <stack-trace>undefined</stack-trace>
            </failure>
        </test-case>
        <test-case start='1664188599368' status='broken' stop='1664188600488'>
            <name>triger enter button</name>
            <title>triger enter button</title>
            <labels>
                <label name='language' value='javascript'/>
                <label name='framework' value='wdio'/>
                <label name='thread' value='0-0'/>
            </labels>
            <parameters>
                <parameter kind='argument' name='browser' value='chrome-105.0.5195.125'/>
            </parameters>
            <steps>
                <step start='1664188599368' status='passed' stop='1664188600359'>
                    <name>POST /session/:sessionId/url</name>
                    <title>POST /session/:sessionId/url</title>
                    <attachments>
                        <attachment title='Request' source='58228dea-415e-4dd2-a38e-e0dc0f4c66d6-attachment.json' type='application/json' size='58'/>
                    </attachments>
                    <steps/>
                </step>
                <step start='1664188600359' status='passed' stop='1664188600488'>
                    <name>GET /session/:sessionId/screenshot</name>
                    <title>GET /session/:sessionId/screenshot</title>
                    <attachments>
                        <attachment title='Screenshot' source='f765f1b4-bbc1-4a14-b3a0-f3efdd97e961-attachment.png' type='image/png' size='266808'/>
                    </attachments>
                    <steps/>
                </step>
            </steps>
            <attachments/>
            <failure>
                <message>$(...).setValue is not a function</message>
                <stack-trace>TypeError: $(...).setValue is not a function
                    at Context.&lt;anonymous> (/Users/akshay/Desktop/webdio/test/11-allCommand/commands.spec.js:18:33)
                    at processTicksAndRejections (node:internal/process/task_queues:96:5)</stack-trace>
            </failure>
        </test-case>
    </test-cases>
</ns2:test-suite>