<?xml version='1.0'?>
<ns2:test-suite xmlns:ns2='urn:model.allure.qatools.yandex.ru' start='1663234473866' stop='1663234474377'>
    <name>ts02-Blaze</name>
    <title>ts02-Blaze</title>
    <test-cases>
        <test-case start='1663234473866' status='broken' stop='1663234474262'>
            <name> get text of all header li</name>
            <title> get text of all header li</title>
            <labels>
                <label name='language' value='javascript'/>
                <label name='framework' value='wdio'/>
                <label name='thread' value='0-1'/>
            </labels>
            <parameters>
                <parameter kind='argument' name='browser' value='chrome-105.0.5195.125'/>
            </parameters>
            <steps>
                <step start='1663234473873' status='broken' stop='1663234474262'>
                    <name>POST /session/:sessionId/url</name>
                    <title>POST /session/:sessionId/url</title>
                    <attachments>
                        <attachment title='Request' source='84469784-48e1-408c-b832-71d1accdd633-attachment.json' type='application/json' size='42'/>
                    </attachments>
                    <steps>
                        <step start='1663234474151' status='passed' stop='1663234474262'>
                            <name>GET /session/:sessionId/screenshot</name>
                            <title>GET /session/:sessionId/screenshot</title>
                            <attachments>
                                <attachment title='Screenshot' source='585cfc23-bca9-46be-a054-c8a22c7cbd62-attachment.png' type='image/png' size='46821'/>
                            </attachments>
                            <steps/>
                        </step>
                    </steps>
                </step>
            </steps>
            <attachments/>
            <failure>
                <message>unknown error: net::ERR_INTERNET_DISCONNECTED
                  (Session info: chrome=105.0.5195.125)</message>
                <stack-trace>unknown error: unknown error: net::ERR_INTERNET_DISCONNECTED
                  (Session info: chrome=105.0.5195.125)
                    at processTicksAndRejections (node:internal/process/task_queues:96:5)
                    at async Context.&lt;anonymous> (/Users/akshay/Desktop/webdio/test/blazze/testfile/test.spec.js:6:9)</stack-trace>
            </failure>
        </test-case>
        <test-case start='1663234474263' status='broken' stop='1663234474376'>
            <name>heading enabled or not</name>
            <title>heading enabled or not</title>
            <labels>
                <label name='language' value='javascript'/>
                <label name='framework' value='wdio'/>
                <label name='thread' value='0-1'/>
            </labels>
            <parameters>
                <parameter kind='argument' name='browser' value='chrome-105.0.5195.125'/>
            </parameters>
            <steps>
                <step start='1663234474263' status='passed' stop='1663234474376'>
                    <name>GET /session/:sessionId/screenshot</name>
                    <title>GET /session/:sessionId/screenshot</title>
                    <attachments>
                        <attachment title='Screenshot' source='1866d90f-9283-490a-8a28-8a2a847b429e-attachment.png' type='image/png' size='46821'/>
                    </attachments>
                    <steps/>
                </step>
            </steps>
            <attachments/>
            <failure>
                <message>this.productTab.isDisplayed is not a function</message>
                <stack-trace>TypeError: this.productTab.isDisplayed is not a function
                    at Blazepage.clickonproduct (/Users/akshay/Desktop/webdio/test/blazze/POM/pom.js:24:28)
                    at Context.&lt;anonymous> (/Users/akshay/Desktop/webdio/test/blazze/testfile/test.spec.js:26:26)
                    at processTicksAndRejections (node:internal/process/task_queues:96:5)</stack-trace>
            </failure>
        </test-case>
    </test-cases>
</ns2:test-suite>